2024-12-01 07:47:33,566 - INFO - Iniciando el TRACKER en 172.17.0.2:8080 con un anillo Chord de 8 bits...
2024-12-01 07:47:33,568 - DEBUG - Tracker corriendo en tcp://172.17.0.2:8080
2024-12-01 07:47:33,568 - INFO - Tracker inicializado exitosamente. Esperando conexiones...
2024-12-01 07:47:36,585 - DEBUG - Mensaje recibido: {'action': 'add_to_database', 'pieces_sha1': 'f0f8c5a6c003bbfd8318431417bc400fcbbcba3e', 'peer': ['172.17.0.3', '8080']}
2024-12-01 07:47:36,585 - DEBUG - El value en store_key es 172.17.0.3:8080
2024-12-01 07:47:36,606 - DEBUG - Se guardo 172.17.0.3:8080
2024-12-01 07:47:36,704 - DEBUG - Added 172.17.0.3:8080 to Node: 172.17.0.3:8080 for piece f0f8c5a6c003bbfd8318431417bc400fcbbcba3e
2024-12-01 07:47:39,267 - DEBUG - Mensaje recibido: {'action': 'get_peers', 'pieces_sha1': 'f0f8c5a6c003bbfd8318431417bc400fcbbcba3e'}
2024-12-01 07:47:39,283 - DEBUG - Data response es ['172.17.0.3:8080']
2024-12-01 07:47:39,303 - DEBUG - La repuesta del retrieves_key  es ['172.17.0.3:8080']
2024-12-01 07:47:39,308 - DEBUG - La lista de peers que llega al tracker es ['172.17.0.3:8080']
2024-12-01 07:47:39,314 - DEBUG - Getting Peers for piece f0f8c5a6c003bbfd8318431417bc400fcbbcba3e
2024-12-01 07:47:39,319 - DEBUG - Peers [('172.17.0.3', '8080')]
2024-12-01 07:47:39,331 - DEBUG - Mensaje recibido: {'action': 'add_to_database', 'pieces_sha1': 'f0f8c5a6c003bbfd8318431417bc400fcbbcba3e', 'peer': ['172.17.0.4', '8080']}
2024-12-01 07:47:39,341 - DEBUG - El value en store_key es 172.17.0.4:8080
2024-12-01 07:47:39,363 - DEBUG - Se guardo 172.17.0.4:8080
2024-12-01 07:47:39,481 - DEBUG - Added 172.17.0.4:8080 to Node: 172.17.0.4:8080 for piece f0f8c5a6c003bbfd8318431417bc400fcbbcba3e
2024-12-01 07:47:44,501 - DEBUG - No se recibió mensaje dentro del período de espera.
2024-12-01 07:47:49,511 - DEBUG - No se recibió mensaje dentro del período de espera.
2024-12-01 07:47:54,526 - DEBUG - No se recibió mensaje dentro del período de espera.
2024-12-01 07:47:59,541 - DEBUG - No se recibió mensaje dentro del período de espera.
2024-12-01 07:48:04,557 - DEBUG - No se recibió mensaje dentro del período de espera.
2024-12-01 07:48:09,567 - DEBUG - No se recibió mensaje dentro del período de espera.
2024-12-01 07:48:14,577 - DEBUG - No se recibió mensaje dentro del período de espera.
2024-12-01 07:48:19,587 - DEBUG - No se recibió mensaje dentro del período de espera.
2024-12-01 07:48:24,598 - DEBUG - No se recibió mensaje dentro del período de espera.
2024-12-01 07:48:29,607 - DEBUG - No se recibió mensaje dentro del período de espera.
2024-12-01 07:48:34,617 - DEBUG - No se recibió mensaje dentro del período de espera.
2024-12-01 07:48:39,627 - DEBUG - No se recibió mensaje dentro del período de espera.
2024-12-01 07:48:44,638 - DEBUG - No se recibió mensaje dentro del período de espera.
2024-12-01 07:48:49,648 - DEBUG - No se recibió mensaje dentro del período de espera.
2024-12-01 07:48:54,658 - DEBUG - No se recibió mensaje dentro del período de espera.
2024-12-01 07:48:58,309 - DEBUG - Mensaje recibido: {'action': 'get_peers', 'pieces_sha1': 'f0f8c5a6c003bbfd8318431417bc400fcbbcba3e'}
2024-12-01 07:48:58,330 - DEBUG - Data response es ['172.17.0.3:8080', '172.17.0.4:8080']
2024-12-01 07:48:58,345 - DEBUG - La repuesta del retrieves_key  es ['172.17.0.3:8080', '172.17.0.4:8080']
2024-12-01 07:48:58,351 - DEBUG - La lista de peers que llega al tracker es ['172.17.0.3:8080', '172.17.0.4:8080']
2024-12-01 07:48:58,356 - DEBUG - Getting Peers for piece f0f8c5a6c003bbfd8318431417bc400fcbbcba3e
2024-12-01 07:48:58,361 - DEBUG - Peers [('172.17.0.3', '8080'), ('172.17.0.4', '8080')]
2024-12-01 07:48:58,373 - DEBUG - Mensaje recibido: {'action': 'add_to_database', 'pieces_sha1': 'f0f8c5a6c003bbfd8318431417bc400fcbbcba3e', 'peer': ['172.17.0.4', '8080']}
2024-12-01 07:48:58,384 - DEBUG - El value en store_key es 172.17.0.4:8080
2024-12-01 07:48:58,395 - DEBUG - Se guardo 172.17.0.4:8080
2024-12-01 07:48:58,458 - DEBUG - Added 172.17.0.4:8080 to Node: 172.17.0.4:8080 for piece f0f8c5a6c003bbfd8318431417bc400fcbbcba3e
2024-12-01 07:49:03,474 - DEBUG - No se recibió mensaje dentro del período de espera.
2024-12-01 07:49:08,484 - DEBUG - No se recibió mensaje dentro del período de espera.
2024-12-01 07:49:13,494 - DEBUG - No se recibió mensaje dentro del período de espera.
2024-12-01 07:49:18,504 - DEBUG - No se recibió mensaje dentro del período de espera.
2024-12-01 07:49:23,515 - DEBUG - No se recibió mensaje dentro del período de espera.
2024-12-01 07:49:28,530 - DEBUG - No se recibió mensaje dentro del período de espera.
2024-12-01 07:49:33,540 - DEBUG - No se recibió mensaje dentro del período de espera.
2024-12-01 07:49:38,549 - DEBUG - No se recibió mensaje dentro del período de espera.
2024-12-01 07:49:43,559 - DEBUG - No se recibió mensaje dentro del período de espera.
2024-12-01 07:49:48,569 - DEBUG - No se recibió mensaje dentro del período de espera.
2024-12-01 07:49:53,579 - DEBUG - No se recibió mensaje dentro del período de espera.
2024-12-01 07:49:58,589 - DEBUG - No se recibió mensaje dentro del período de espera.
2024-12-01 07:50:03,599 - DEBUG - No se recibió mensaje dentro del período de espera.
2024-12-01 07:50:08,614 - DEBUG - No se recibió mensaje dentro del período de espera.
2024-12-01 07:50:13,624 - DEBUG - No se recibió mensaje dentro del período de espera.
2024-12-01 07:50:18,634 - DEBUG - No se recibió mensaje dentro del período de espera.
2024-12-01 07:50:23,644 - DEBUG - No se recibió mensaje dentro del período de espera.
2024-12-01 07:50:28,654 - DEBUG - No se recibió mensaje dentro del período de espera.
2024-12-01 07:50:33,664 - DEBUG - No se recibió mensaje dentro del período de espera.
2024-12-01 07:50:38,674 - DEBUG - No se recibió mensaje dentro del período de espera.
2024-12-01 07:50:43,684 - DEBUG - No se recibió mensaje dentro del período de espera.
2024-12-01 07:50:48,694 - DEBUG - No se recibió mensaje dentro del período de espera.
2024-12-01 07:50:53,704 - DEBUG - No se recibió mensaje dentro del período de espera.
2024-12-01 07:50:58,714 - DEBUG - No se recibió mensaje dentro del período de espera.
2024-12-01 07:51:03,729 - DEBUG - No se recibió mensaje dentro del período de espera.
2024-12-01 07:51:08,744 - DEBUG - No se recibió mensaje dentro del período de espera.
2024-12-01 07:51:13,755 - DEBUG - No se recibió mensaje dentro del período de espera.
2024-12-01 07:51:18,764 - DEBUG - No se recibió mensaje dentro del período de espera.
2024-12-01 07:51:23,774 - DEBUG - No se recibió mensaje dentro del período de espera.
2024-12-01 07:51:28,784 - DEBUG - No se recibió mensaje dentro del período de espera.
2024-12-01 07:51:33,795 - DEBUG - No se recibió mensaje dentro del período de espera.
2024-12-01 07:51:38,805 - DEBUG - No se recibió mensaje dentro del período de espera.
2024-12-01 07:51:43,815 - DEBUG - No se recibió mensaje dentro del período de espera.
2024-12-01 07:51:48,825 - DEBUG - No se recibió mensaje dentro del período de espera.
2024-12-01 07:51:53,835 - DEBUG - No se recibió mensaje dentro del período de espera.
2024-12-01 07:51:58,845 - DEBUG - No se recibió mensaje dentro del período de espera.
2024-12-01 07:52:03,855 - DEBUG - No se recibió mensaje dentro del período de espera.
2024-12-01 07:52:08,865 - DEBUG - No se recibió mensaje dentro del período de espera.
2024-12-01 07:52:13,875 - DEBUG - No se recibió mensaje dentro del período de espera.
2024-12-01 07:52:18,885 - DEBUG - No se recibió mensaje dentro del período de espera.
2024-12-01 07:52:23,901 - DEBUG - No se recibió mensaje dentro del período de espera.
2024-12-01 07:52:28,916 - DEBUG - No se recibió mensaje dentro del período de espera.
2024-12-01 07:52:33,932 - DEBUG - No se recibió mensaje dentro del período de espera.
2024-12-01 07:52:38,942 - DEBUG - No se recibió mensaje dentro del período de espera.
2024-12-01 07:52:43,948 - DEBUG - No se recibió mensaje dentro del período de espera.
2024-12-01 07:52:48,963 - DEBUG - No se recibió mensaje dentro del período de espera.
2024-12-01 07:52:53,978 - DEBUG - No se recibió mensaje dentro del período de espera.
2024-12-01 07:52:58,993 - DEBUG - No se recibió mensaje dentro del período de espera.
2024-12-01 07:53:04,008 - DEBUG - No se recibió mensaje dentro del período de espera.
2024-12-01 07:53:09,015 - DEBUG - No se recibió mensaje dentro del período de espera.
2024-12-01 07:53:14,025 - DEBUG - No se recibió mensaje dentro del período de espera.
2024-12-01 07:53:19,035 - DEBUG - No se recibió mensaje dentro del período de espera.
2024-12-01 07:53:24,050 - DEBUG - No se recibió mensaje dentro del período de espera.
2024-12-01 07:53:29,065 - DEBUG - No se recibió mensaje dentro del período de espera.
2024-12-01 07:53:34,080 - DEBUG - No se recibió mensaje dentro del período de espera.
2024-12-01 07:53:39,095 - DEBUG - No se recibió mensaje dentro del período de espera.
2024-12-01 07:53:44,110 - DEBUG - No se recibió mensaje dentro del período de espera.
2024-12-01 07:53:49,120 - DEBUG - No se recibió mensaje dentro del período de espera.
2024-12-01 07:53:54,131 - DEBUG - No se recibió mensaje dentro del período de espera.
2024-12-01 07:53:59,141 - DEBUG - No se recibió mensaje dentro del período de espera.
2024-12-01 07:54:04,151 - DEBUG - No se recibió mensaje dentro del período de espera.
2024-12-01 07:54:09,161 - DEBUG - No se recibió mensaje dentro del período de espera.
2024-12-01 07:54:14,172 - DEBUG - No se recibió mensaje dentro del período de espera.
2024-12-01 07:54:19,187 - DEBUG - No se recibió mensaje dentro del período de espera.
2024-12-01 07:54:24,206 - DEBUG - No se recibió mensaje dentro del período de espera.
2024-12-01 07:54:29,221 - DEBUG - No se recibió mensaje dentro del período de espera.
2024-12-01 07:54:34,226 - DEBUG - No se recibió mensaje dentro del período de espera.
2024-12-01 07:54:39,236 - DEBUG - No se recibió mensaje dentro del período de espera.
2024-12-01 07:54:44,241 - DEBUG - No se recibió mensaje dentro del período de espera.
2024-12-01 07:54:49,251 - DEBUG - No se recibió mensaje dentro del período de espera.
2024-12-01 07:54:54,256 - DEBUG - No se recibió mensaje dentro del período de espera.
2024-12-01 07:54:59,266 - DEBUG - No se recibió mensaje dentro del período de espera.
2024-12-01 07:55:04,271 - DEBUG - No se recibió mensaje dentro del período de espera.
2024-12-01 07:55:09,281 - DEBUG - No se recibió mensaje dentro del período de espera.
2024-12-01 07:55:14,287 - DEBUG - No se recibió mensaje dentro del período de espera.
2024-12-01 07:55:19,296 - DEBUG - No se recibió mensaje dentro del período de espera.
2024-12-01 07:55:24,302 - DEBUG - No se recibió mensaje dentro del período de espera.
2024-12-01 07:55:29,317 - DEBUG - No se recibió mensaje dentro del período de espera.
2024-12-01 07:55:34,332 - DEBUG - No se recibió mensaje dentro del período de espera.
2024-12-01 07:55:39,347 - DEBUG - No se recibió mensaje dentro del período de espera.
2024-12-01 07:55:44,362 - DEBUG - No se recibió mensaje dentro del período de espera.
2024-12-01 07:55:49,372 - DEBUG - No se recibió mensaje dentro del período de espera.
2024-12-01 07:55:54,382 - DEBUG - No se recibió mensaje dentro del período de espera.
2024-12-01 07:55:59,392 - DEBUG - No se recibió mensaje dentro del período de espera.
2024-12-01 07:56:04,407 - DEBUG - No se recibió mensaje dentro del período de espera.
2024-12-01 07:56:09,417 - DEBUG - No se recibió mensaje dentro del período de espera.
2024-12-01 07:56:14,432 - DEBUG - No se recibió mensaje dentro del período de espera.
2024-12-01 07:56:19,447 - DEBUG - No se recibió mensaje dentro del período de espera.
2024-12-01 07:56:24,457 - DEBUG - No se recibió mensaje dentro del período de espera.
2024-12-01 07:56:29,467 - DEBUG - No se recibió mensaje dentro del período de espera.
2024-12-01 07:56:34,488 - DEBUG - No se recibió mensaje dentro del período de espera.
2024-12-01 07:56:39,503 - DEBUG - No se recibió mensaje dentro del período de espera.
2024-12-01 07:56:44,518 - DEBUG - No se recibió mensaje dentro del período de espera.
2024-12-01 07:56:49,534 - DEBUG - No se recibió mensaje dentro del período de espera.
2024-12-01 07:56:54,543 - DEBUG - No se recibió mensaje dentro del período de espera.
2024-12-01 07:56:59,558 - DEBUG - No se recibió mensaje dentro del período de espera.
2024-12-01 07:57:04,573 - DEBUG - No se recibió mensaje dentro del período de espera.
2024-12-01 07:57:09,589 - DEBUG - No se recibió mensaje dentro del período de espera.
2024-12-01 07:57:14,603 - DEBUG - No se recibió mensaje dentro del período de espera.
2024-12-01 07:57:19,615 - DEBUG - No se recibió mensaje dentro del período de espera.
2024-12-01 07:57:24,630 - DEBUG - No se recibió mensaje dentro del período de espera.
2024-12-01 07:57:29,645 - DEBUG - No se recibió mensaje dentro del período de espera.
2024-12-01 07:57:34,660 - DEBUG - No se recibió mensaje dentro del período de espera.
2024-12-01 07:57:39,670 - DEBUG - No se recibió mensaje dentro del período de espera.
2024-12-01 07:57:44,680 - DEBUG - No se recibió mensaje dentro del período de espera.
2024-12-01 07:57:49,695 - DEBUG - No se recibió mensaje dentro del período de espera.
2024-12-01 07:57:54,705 - DEBUG - No se recibió mensaje dentro del período de espera.
2024-12-01 07:57:59,715 - DEBUG - No se recibió mensaje dentro del período de espera.
2024-12-01 07:58:04,725 - DEBUG - No se recibió mensaje dentro del período de espera.
2024-12-01 07:58:09,740 - DEBUG - No se recibió mensaje dentro del período de espera.
2024-12-01 07:58:14,755 - DEBUG - No se recibió mensaje dentro del período de espera.
2024-12-01 07:58:19,770 - DEBUG - No se recibió mensaje dentro del período de espera.
2024-12-01 07:58:24,780 - DEBUG - No se recibió mensaje dentro del período de espera.
2024-12-01 07:58:29,795 - DEBUG - No se recibió mensaje dentro del período de espera.
2024-12-01 07:58:34,810 - DEBUG - No se recibió mensaje dentro del período de espera.
2024-12-01 07:58:39,825 - DEBUG - No se recibió mensaje dentro del período de espera.
2024-12-01 07:58:44,840 - DEBUG - No se recibió mensaje dentro del período de espera.
2024-12-01 07:58:49,855 - DEBUG - No se recibió mensaje dentro del período de espera.
2024-12-01 07:58:54,870 - DEBUG - No se recibió mensaje dentro del período de espera.
2024-12-01 07:58:59,885 - DEBUG - No se recibió mensaje dentro del período de espera.
2024-12-01 07:59:04,895 - DEBUG - No se recibió mensaje dentro del período de espera.
2024-12-01 07:59:09,910 - DEBUG - No se recibió mensaje dentro del período de espera.
2024-12-01 07:59:14,920 - DEBUG - No se recibió mensaje dentro del período de espera.
2024-12-01 07:59:19,930 - DEBUG - No se recibió mensaje dentro del período de espera.
2024-12-01 07:59:24,945 - DEBUG - No se recibió mensaje dentro del período de espera.
2024-12-01 07:59:29,960 - DEBUG - No se recibió mensaje dentro del período de espera.
2024-12-01 07:59:34,975 - DEBUG - No se recibió mensaje dentro del período de espera.
2024-12-01 07:59:39,990 - DEBUG - No se recibió mensaje dentro del período de espera.
2024-12-01 07:59:45,005 - DEBUG - No se recibió mensaje dentro del período de espera.
2024-12-01 07:59:50,020 - DEBUG - No se recibió mensaje dentro del período de espera.
2024-12-01 07:59:55,035 - DEBUG - No se recibió mensaje dentro del período de espera.
2024-12-01 08:00:00,045 - DEBUG - No se recibió mensaje dentro del período de espera.
2024-12-01 08:00:05,055 - DEBUG - No se recibió mensaje dentro del período de espera.
2024-12-01 08:00:10,065 - DEBUG - No se recibió mensaje dentro del período de espera.
2024-12-01 08:00:15,075 - DEBUG - No se recibió mensaje dentro del período de espera.
2024-12-01 08:00:20,090 - DEBUG - No se recibió mensaje dentro del período de espera.
2024-12-01 08:00:25,105 - DEBUG - No se recibió mensaje dentro del período de espera.
2024-12-01 08:00:30,120 - DEBUG - No se recibió mensaje dentro del período de espera.
2024-12-01 08:00:35,130 - DEBUG - No se recibió mensaje dentro del período de espera.
2024-12-01 08:00:40,140 - DEBUG - No se recibió mensaje dentro del período de espera.
2024-12-01 08:00:45,150 - DEBUG - No se recibió mensaje dentro del período de espera.
2024-12-01 08:00:50,160 - DEBUG - No se recibió mensaje dentro del período de espera.
2024-12-01 08:00:55,170 - DEBUG - No se recibió mensaje dentro del período de espera.
2024-12-01 08:01:00,185 - DEBUG - No se recibió mensaje dentro del período de espera.
2024-12-01 08:01:05,200 - DEBUG - No se recibió mensaje dentro del período de espera.
2024-12-01 08:01:10,210 - DEBUG - No se recibió mensaje dentro del período de espera.
2024-12-01 08:01:15,220 - DEBUG - No se recibió mensaje dentro del período de espera.
2024-12-01 08:01:20,236 - DEBUG - No se recibió mensaje dentro del período de espera.
2024-12-01 08:01:25,246 - DEBUG - No se recibió mensaje dentro del período de espera.
2024-12-01 08:01:30,261 - DEBUG - No se recibió mensaje dentro del período de espera.
2024-12-01 08:01:35,277 - DEBUG - No se recibió mensaje dentro del período de espera.
2024-12-01 08:01:40,292 - DEBUG - No se recibió mensaje dentro del período de espera.
2024-12-01 08:01:45,307 - DEBUG - No se recibió mensaje dentro del período de espera.
2024-12-01 08:01:50,318 - DEBUG - No se recibió mensaje dentro del período de espera.
2024-12-01 08:01:55,323 - DEBUG - No se recibió mensaje dentro del período de espera.
2024-12-01 08:02:00,333 - DEBUG - No se recibió mensaje dentro del período de espera.
2024-12-01 08:02:05,343 - DEBUG - No se recibió mensaje dentro del período de espera.
2024-12-01 08:02:10,358 - DEBUG - No se recibió mensaje dentro del período de espera.
2024-12-01 08:02:15,373 - DEBUG - No se recibió mensaje dentro del período de espera.
2024-12-01 08:02:20,389 - DEBUG - No se recibió mensaje dentro del período de espera.
2024-12-01 08:02:25,404 - DEBUG - No se recibió mensaje dentro del período de espera.
2024-12-01 08:02:30,414 - DEBUG - No se recibió mensaje dentro del período de espera.
2024-12-01 08:02:35,424 - DEBUG - No se recibió mensaje dentro del período de espera.
2024-12-01 08:02:40,439 - DEBUG - No se recibió mensaje dentro del período de espera.
2024-12-01 08:02:45,455 - DEBUG - No se recibió mensaje dentro del período de espera.
2024-12-01 08:02:50,469 - DEBUG - No se recibió mensaje dentro del período de espera.
2024-12-01 08:02:55,484 - DEBUG - No se recibió mensaje dentro del período de espera.
2024-12-01 08:03:00,499 - DEBUG - No se recibió mensaje dentro del período de espera.
2024-12-01 08:03:05,514 - DEBUG - No se recibió mensaje dentro del período de espera.
2024-12-01 08:03:10,529 - DEBUG - No se recibió mensaje dentro del período de espera.
2024-12-01 08:03:15,544 - DEBUG - No se recibió mensaje dentro del período de espera.
2024-12-01 08:03:20,554 - DEBUG - No se recibió mensaje dentro del período de espera.
2024-12-01 08:03:25,564 - DEBUG - No se recibió mensaje dentro del período de espera.
2024-12-01 08:03:30,579 - DEBUG - No se recibió mensaje dentro del período de espera.
2024-12-01 08:03:35,594 - DEBUG - No se recibió mensaje dentro del período de espera.
2024-12-01 08:03:40,609 - DEBUG - No se recibió mensaje dentro del período de espera.
2024-12-01 08:03:45,619 - DEBUG - No se recibió mensaje dentro del período de espera.
2024-12-01 08:03:50,629 - DEBUG - No se recibió mensaje dentro del período de espera.
2024-12-01 08:03:55,645 - DEBUG - No se recibió mensaje dentro del período de espera.
2024-12-01 08:04:00,655 - DEBUG - No se recibió mensaje dentro del período de espera.
2024-12-01 08:04:05,666 - DEBUG - No se recibió mensaje dentro del período de espera.
2024-12-01 08:04:10,676 - DEBUG - No se recibió mensaje dentro del período de espera.
2024-12-01 08:04:15,682 - DEBUG - No se recibió mensaje dentro del período de espera.
2024-12-01 08:04:20,692 - DEBUG - No se recibió mensaje dentro del período de espera.
2024-12-01 08:04:25,702 - DEBUG - No se recibió mensaje dentro del período de espera.
2024-12-01 08:04:30,712 - DEBUG - No se recibió mensaje dentro del período de espera.
2024-12-01 08:04:35,727 - DEBUG - No se recibió mensaje dentro del período de espera.
2024-12-01 08:04:40,742 - DEBUG - No se recibió mensaje dentro del período de espera.
2024-12-01 08:04:45,752 - DEBUG - No se recibió mensaje dentro del período de espera.
2024-12-01 08:04:50,762 - DEBUG - No se recibió mensaje dentro del período de espera.
2024-12-01 08:04:55,772 - DEBUG - No se recibió mensaje dentro del período de espera.
2024-12-01 08:05:00,782 - DEBUG - No se recibió mensaje dentro del período de espera.
2024-12-01 08:05:05,792 - DEBUG - No se recibió mensaje dentro del período de espera.
2024-12-01 08:05:10,802 - DEBUG - No se recibió mensaje dentro del período de espera.
2024-12-01 08:05:15,812 - DEBUG - No se recibió mensaje dentro del período de espera.
2024-12-01 08:05:20,827 - DEBUG - No se recibió mensaje dentro del período de espera.
2024-12-01 08:05:25,843 - DEBUG - No se recibió mensaje dentro del período de espera.
2024-12-01 08:05:30,858 - DEBUG - No se recibió mensaje dentro del período de espera.
2024-12-01 08:05:35,868 - DEBUG - No se recibió mensaje dentro del período de espera.
2024-12-01 08:05:40,883 - DEBUG - No se recibió mensaje dentro del período de espera.
2024-12-01 08:05:45,898 - DEBUG - No se recibió mensaje dentro del período de espera.
2024-12-01 08:05:50,913 - DEBUG - No se recibió mensaje dentro del período de espera.
2024-12-01 08:05:55,928 - DEBUG - No se recibió mensaje dentro del período de espera.
2024-12-01 08:06:00,943 - DEBUG - No se recibió mensaje dentro del período de espera.
2024-12-01 08:06:05,958 - DEBUG - No se recibió mensaje dentro del período de espera.
2024-12-01 08:06:10,973 - DEBUG - No se recibió mensaje dentro del período de espera.
2024-12-01 08:06:15,988 - DEBUG - No se recibió mensaje dentro del período de espera.
2024-12-01 08:06:20,998 - DEBUG - No se recibió mensaje dentro del período de espera.
2024-12-01 08:06:26,008 - DEBUG - No se recibió mensaje dentro del período de espera.
2024-12-01 08:06:31,024 - DEBUG - No se recibió mensaje dentro del período de espera.
2024-12-01 08:06:36,039 - DEBUG - No se recibió mensaje dentro del período de espera.
2024-12-01 08:06:41,049 - DEBUG - No se recibió mensaje dentro del período de espera.
2024-12-01 08:06:46,059 - DEBUG - No se recibió mensaje dentro del período de espera.
2024-12-01 08:06:51,074 - DEBUG - No se recibió mensaje dentro del período de espera.
2024-12-01 08:06:56,084 - DEBUG - No se recibió mensaje dentro del período de espera.
2024-12-01 08:07:01,099 - DEBUG - No se recibió mensaje dentro del período de espera.
2024-12-01 08:07:06,114 - DEBUG - No se recibió mensaje dentro del período de espera.
2024-12-01 08:07:11,129 - DEBUG - No se recibió mensaje dentro del período de espera.
2024-12-01 08:07:16,144 - DEBUG - No se recibió mensaje dentro del período de espera.
2024-12-01 08:07:21,159 - DEBUG - No se recibió mensaje dentro del período de espera.
2024-12-01 08:07:26,174 - DEBUG - No se recibió mensaje dentro del período de espera.
2024-12-01 08:07:31,190 - DEBUG - No se recibió mensaje dentro del período de espera.
2024-12-01 08:07:36,204 - DEBUG - No se recibió mensaje dentro del período de espera.
2024-12-01 08:07:41,219 - DEBUG - No se recibió mensaje dentro del período de espera.
2024-12-01 08:07:46,229 - DEBUG - No se recibió mensaje dentro del período de espera.
2024-12-01 08:07:51,239 - DEBUG - No se recibió mensaje dentro del período de espera.
2024-12-01 08:07:56,249 - DEBUG - No se recibió mensaje dentro del período de espera.
2024-12-01 08:08:01,264 - DEBUG - No se recibió mensaje dentro del período de espera.
2024-12-01 08:08:06,280 - DEBUG - No se recibió mensaje dentro del período de espera.
2024-12-01 08:08:11,295 - DEBUG - No se recibió mensaje dentro del período de espera.
2024-12-01 08:08:16,310 - DEBUG - No se recibió mensaje dentro del período de espera.
2024-12-01 08:08:21,325 - DEBUG - No se recibió mensaje dentro del período de espera.
2024-12-01 08:08:26,340 - DEBUG - No se recibió mensaje dentro del período de espera.
2024-12-01 08:08:31,353 - DEBUG - No se recibió mensaje dentro del período de espera.
2024-12-01 08:08:36,368 - DEBUG - No se recibió mensaje dentro del período de espera.
2024-12-01 08:08:41,383 - DEBUG - No se recibió mensaje dentro del período de espera.
2024-12-01 08:08:46,398 - DEBUG - No se recibió mensaje dentro del período de espera.
2024-12-01 08:08:51,408 - DEBUG - No se recibió mensaje dentro del período de espera.
2024-12-01 08:08:56,418 - DEBUG - No se recibió mensaje dentro del período de espera.
2024-12-01 08:09:01,429 - DEBUG - No se recibió mensaje dentro del período de espera.
2024-12-01 08:09:06,439 - DEBUG - No se recibió mensaje dentro del período de espera.
2024-12-01 08:09:11,455 - DEBUG - No se recibió mensaje dentro del período de espera.
2024-12-01 08:09:16,469 - DEBUG - No se recibió mensaje dentro del período de espera.
2024-12-01 08:09:21,484 - DEBUG - No se recibió mensaje dentro del período de espera.
2024-12-01 08:09:26,492 - DEBUG - No se recibió mensaje dentro del período de espera.
2024-12-01 08:09:31,502 - DEBUG - No se recibió mensaje dentro del período de espera.
2024-12-01 08:09:36,512 - DEBUG - No se recibió mensaje dentro del período de espera.
2024-12-01 08:09:41,522 - DEBUG - No se recibió mensaje dentro del período de espera.
2024-12-01 08:09:46,532 - DEBUG - No se recibió mensaje dentro del período de espera.
2024-12-01 08:09:51,542 - DEBUG - No se recibió mensaje dentro del período de espera.
2024-12-01 08:09:56,552 - DEBUG - No se recibió mensaje dentro del período de espera.
2024-12-01 08:10:01,567 - DEBUG - No se recibió mensaje dentro del período de espera.
2024-12-01 08:10:06,583 - DEBUG - No se recibió mensaje dentro del período de espera.
2024-12-01 08:10:11,593 - DEBUG - No se recibió mensaje dentro del período de espera.
2024-12-01 08:10:16,604 - DEBUG - No se recibió mensaje dentro del período de espera.
2024-12-01 08:10:21,613 - DEBUG - No se recibió mensaje dentro del período de espera.
2024-12-01 08:10:26,623 - DEBUG - No se recibió mensaje dentro del período de espera.
2024-12-01 08:10:31,639 - DEBUG - No se recibió mensaje dentro del período de espera.
2024-12-01 08:10:36,654 - DEBUG - No se recibió mensaje dentro del período de espera.
2024-12-01 08:10:41,665 - DEBUG - No se recibió mensaje dentro del período de espera.
2024-12-01 08:10:46,675 - DEBUG - No se recibió mensaje dentro del período de espera.
2024-12-01 08:10:51,690 - DEBUG - No se recibió mensaje dentro del período de espera.
2024-12-01 08:10:56,705 - DEBUG - No se recibió mensaje dentro del período de espera.
2024-12-01 08:11:01,720 - DEBUG - No se recibió mensaje dentro del período de espera.
2024-12-01 08:11:06,730 - DEBUG - No se recibió mensaje dentro del período de espera.
2024-12-01 08:11:11,740 - DEBUG - No se recibió mensaje dentro del período de espera.
2024-12-01 08:11:16,750 - DEBUG - No se recibió mensaje dentro del período de espera.
2024-12-01 08:11:21,765 - DEBUG - No se recibió mensaje dentro del período de espera.
2024-12-01 08:11:26,775 - DEBUG - No se recibió mensaje dentro del período de espera.
2024-12-01 08:11:31,790 - DEBUG - No se recibió mensaje dentro del período de espera.
2024-12-01 08:11:36,805 - DEBUG - No se recibió mensaje dentro del período de espera.
2024-12-01 08:11:41,821 - DEBUG - No se recibió mensaje dentro del período de espera.
2024-12-01 08:11:46,831 - DEBUG - No se recibió mensaje dentro del período de espera.
2024-12-01 08:11:51,842 - DEBUG - No se recibió mensaje dentro del período de espera.
2024-12-01 08:11:56,852 - DEBUG - No se recibió mensaje dentro del período de espera.
2024-12-01 08:12:01,867 - DEBUG - No se recibió mensaje dentro del período de espera.
2024-12-01 08:12:06,882 - DEBUG - No se recibió mensaje dentro del período de espera.
2024-12-01 08:12:11,897 - DEBUG - No se recibió mensaje dentro del período de espera.
2024-12-01 08:12:16,912 - DEBUG - No se recibió mensaje dentro del período de espera.
2024-12-01 08:12:21,927 - DEBUG - No se recibió mensaje dentro del período de espera.
2024-12-01 08:12:26,941 - DEBUG - No se recibió mensaje dentro del período de espera.
2024-12-01 08:12:31,957 - DEBUG - No se recibió mensaje dentro del período de espera.
2024-12-01 08:12:36,968 - DEBUG - No se recibió mensaje dentro del período de espera.
2024-12-01 08:12:41,982 - DEBUG - No se recibió mensaje dentro del período de espera.
2024-12-01 08:12:46,997 - DEBUG - No se recibió mensaje dentro del período de espera.
2024-12-01 08:12:52,008 - DEBUG - No se recibió mensaje dentro del período de espera.
2024-12-01 08:12:57,023 - DEBUG - No se recibió mensaje dentro del período de espera.
2024-12-01 08:13:02,033 - DEBUG - No se recibió mensaje dentro del período de espera.
2024-12-01 08:13:07,044 - DEBUG - No se recibió mensaje dentro del período de espera.
2024-12-01 08:13:12,053 - DEBUG - No se recibió mensaje dentro del período de espera.
2024-12-01 08:13:17,063 - DEBUG - No se recibió mensaje dentro del período de espera.
2024-12-01 08:13:22,074 - DEBUG - No se recibió mensaje dentro del período de espera.
2024-12-01 08:13:27,084 - DEBUG - No se recibió mensaje dentro del período de espera.
2024-12-01 08:13:32,099 - DEBUG - No se recibió mensaje dentro del período de espera.
2024-12-01 08:13:37,109 - DEBUG - No se recibió mensaje dentro del período de espera.
2024-12-01 08:13:42,125 - DEBUG - No se recibió mensaje dentro del período de espera.
2024-12-01 08:13:47,140 - DEBUG - No se recibió mensaje dentro del período de espera.
2024-12-01 08:13:52,156 - DEBUG - No se recibió mensaje dentro del período de espera.
2024-12-01 08:13:57,171 - DEBUG - No se recibió mensaje dentro del período de espera.
2024-12-01 08:14:02,181 - DEBUG - No se recibió mensaje dentro del período de espera.
2024-12-01 08:14:07,192 - DEBUG - No se recibió mensaje dentro del período de espera.
2024-12-01 08:14:12,207 - DEBUG - No se recibió mensaje dentro del período de espera.
2024-12-01 08:14:17,223 - DEBUG - No se recibió mensaje dentro del período de espera.
2024-12-01 08:14:22,233 - DEBUG - No se recibió mensaje dentro del período de espera.
2024-12-01 08:14:27,248 - DEBUG - No se recibió mensaje dentro del período de espera.
2024-12-01 08:14:32,260 - DEBUG - No se recibió mensaje dentro del período de espera.
2024-12-01 08:14:37,270 - DEBUG - No se recibió mensaje dentro del período de espera.
2024-12-01 08:14:42,280 - DEBUG - No se recibió mensaje dentro del período de espera.
2024-12-01 08:14:47,291 - DEBUG - No se recibió mensaje dentro del período de espera.
2024-12-01 08:14:52,301 - DEBUG - No se recibió mensaje dentro del período de espera.
2024-12-01 08:14:57,312 - DEBUG - No se recibió mensaje dentro del período de espera.
2024-12-01 08:15:02,327 - DEBUG - No se recibió mensaje dentro del período de espera.
2024-12-01 08:15:07,342 - DEBUG - No se recibió mensaje dentro del período de espera.
2024-12-01 08:15:12,352 - DEBUG - No se recibió mensaje dentro del período de espera.
2024-12-01 08:15:17,363 - DEBUG - No se recibió mensaje dentro del período de espera.
2024-12-01 08:15:22,377 - DEBUG - No se recibió mensaje dentro del período de espera.
2024-12-01 08:15:27,387 - DEBUG - No se recibió mensaje dentro del período de espera.
2024-12-01 08:15:32,397 - DEBUG - No se recibió mensaje dentro del período de espera.
2024-12-01 08:15:37,408 - DEBUG - No se recibió mensaje dentro del período de espera.
2024-12-01 08:15:42,423 - DEBUG - No se recibió mensaje dentro del período de espera.
2024-12-01 08:15:47,433 - DEBUG - No se recibió mensaje dentro del período de espera.
2024-12-01 08:15:52,448 - DEBUG - No se recibió mensaje dentro del período de espera.
2024-12-01 08:15:57,458 - DEBUG - No se recibió mensaje dentro del período de espera.
2024-12-01 08:16:02,469 - DEBUG - No se recibió mensaje dentro del período de espera.
2024-12-01 08:16:07,478 - DEBUG - No se recibió mensaje dentro del período de espera.
2024-12-01 08:16:12,488 - DEBUG - No se recibió mensaje dentro del período de espera.
2024-12-01 08:16:17,499 - DEBUG - No se recibió mensaje dentro del período de espera.
2024-12-01 08:16:22,514 - DEBUG - No se recibió mensaje dentro del período de espera.
2024-12-01 08:16:27,524 - DEBUG - No se recibió mensaje dentro del período de espera.
2024-12-01 08:16:32,535 - DEBUG - No se recibió mensaje dentro del período de espera.
2024-12-01 08:16:37,550 - DEBUG - No se recibió mensaje dentro del período de espera.
2024-12-01 08:16:42,565 - DEBUG - No se recibió mensaje dentro del período de espera.
2024-12-01 08:16:47,581 - DEBUG - No se recibió mensaje dentro del período de espera.
2024-12-01 08:16:52,591 - DEBUG - No se recibió mensaje dentro del período de espera.
2024-12-01 08:16:57,601 - DEBUG - No se recibió mensaje dentro del período de espera.
2024-12-01 08:17:02,611 - DEBUG - No se recibió mensaje dentro del período de espera.
2024-12-01 08:17:07,618 - DEBUG - No se recibió mensaje dentro del período de espera.
2024-12-01 08:17:12,628 - DEBUG - No se recibió mensaje dentro del período de espera.
2024-12-01 08:17:17,638 - DEBUG - No se recibió mensaje dentro del período de espera.
2024-12-01 08:17:22,649 - DEBUG - No se recibió mensaje dentro del período de espera.
2024-12-01 08:17:27,659 - DEBUG - No se recibió mensaje dentro del período de espera.
2024-12-01 08:17:32,669 - DEBUG - No se recibió mensaje dentro del período de espera.
2024-12-01 08:17:37,680 - DEBUG - No se recibió mensaje dentro del período de espera.
2024-12-01 08:17:42,690 - DEBUG - No se recibió mensaje dentro del período de espera.
2024-12-01 08:17:47,700 - DEBUG - No se recibió mensaje dentro del período de espera.
2024-12-01 08:17:52,711 - DEBUG - No se recibió mensaje dentro del período de espera.
2024-12-01 08:17:57,721 - DEBUG - No se recibió mensaje dentro del período de espera.
2024-12-01 08:18:02,736 - DEBUG - No se recibió mensaje dentro del período de espera.
2024-12-01 08:18:07,751 - DEBUG - No se recibió mensaje dentro del período de espera.
2024-12-01 08:18:12,761 - DEBUG - No se recibió mensaje dentro del período de espera.
2024-12-01 08:18:17,772 - DEBUG - No se recibió mensaje dentro del período de espera.
2024-12-01 08:18:22,782 - DEBUG - No se recibió mensaje dentro del período de espera.
2024-12-01 08:18:27,792 - DEBUG - No se recibió mensaje dentro del período de espera.
2024-12-01 08:18:32,808 - DEBUG - No se recibió mensaje dentro del período de espera.
2024-12-01 08:18:37,818 - DEBUG - No se recibió mensaje dentro del período de espera.
2024-12-01 08:18:42,828 - DEBUG - No se recibió mensaje dentro del período de espera.
2024-12-01 08:18:47,839 - DEBUG - No se recibió mensaje dentro del período de espera.
2024-12-01 08:18:52,848 - DEBUG - No se recibió mensaje dentro del período de espera.
2024-12-01 08:18:57,858 - DEBUG - No se recibió mensaje dentro del período de espera.
2024-12-01 08:19:02,873 - DEBUG - No se recibió mensaje dentro del período de espera.
2024-12-01 08:19:07,883 - DEBUG - No se recibió mensaje dentro del período de espera.
2024-12-01 08:19:12,899 - DEBUG - No se recibió mensaje dentro del período de espera.
2024-12-01 08:19:17,914 - DEBUG - No se recibió mensaje dentro del período de espera.
2024-12-01 08:19:22,930 - DEBUG - No se recibió mensaje dentro del período de espera.
2024-12-01 08:19:27,944 - DEBUG - No se recibió mensaje dentro del período de espera.
2024-12-01 08:19:32,960 - DEBUG - No se recibió mensaje dentro del período de espera.
2024-12-01 08:19:37,969 - DEBUG - No se recibió mensaje dentro del período de espera.
2024-12-01 08:19:42,979 - DEBUG - No se recibió mensaje dentro del período de espera.
2024-12-01 08:19:47,989 - DEBUG - No se recibió mensaje dentro del período de espera.
2024-12-01 08:19:52,999 - DEBUG - No se recibió mensaje dentro del período de espera.
2024-12-01 08:19:58,010 - DEBUG - No se recibió mensaje dentro del período de espera.
2024-12-01 08:20:03,025 - DEBUG - No se recibió mensaje dentro del período de espera.
2024-12-01 08:20:08,040 - DEBUG - No se recibió mensaje dentro del período de espera.
2024-12-01 08:20:13,053 - DEBUG - No se recibió mensaje dentro del período de espera.
2024-12-01 08:20:18,068 - DEBUG - No se recibió mensaje dentro del período de espera.
2024-12-01 08:20:23,083 - DEBUG - No se recibió mensaje dentro del período de espera.
2024-12-01 08:20:28,098 - DEBUG - No se recibió mensaje dentro del período de espera.
2024-12-01 08:20:33,113 - DEBUG - No se recibió mensaje dentro del período de espera.
2024-12-01 08:20:38,123 - DEBUG - No se recibió mensaje dentro del período de espera.
2024-12-01 08:20:43,133 - DEBUG - No se recibió mensaje dentro del período de espera.
2024-12-01 08:20:48,144 - DEBUG - No se recibió mensaje dentro del período de espera.
2024-12-01 08:20:53,154 - DEBUG - No se recibió mensaje dentro del período de espera.
2024-12-01 08:20:58,161 - DEBUG - No se recibió mensaje dentro del período de espera.
2024-12-01 08:21:03,177 - DEBUG - No se recibió mensaje dentro del período de espera.
2024-12-01 08:21:08,192 - DEBUG - No se recibió mensaje dentro del período de espera.
2024-12-01 08:21:13,202 - DEBUG - No se recibió mensaje dentro del período de espera.
2024-12-01 08:21:18,212 - DEBUG - No se recibió mensaje dentro del período de espera.
2024-12-01 08:21:23,222 - DEBUG - No se recibió mensaje dentro del período de espera.
2024-12-01 08:21:28,233 - DEBUG - No se recibió mensaje dentro del período de espera.
2024-12-01 08:21:33,243 - DEBUG - No se recibió mensaje dentro del período de espera.
2024-12-01 08:21:38,253 - DEBUG - No se recibió mensaje dentro del período de espera.
2024-12-01 08:21:43,263 - DEBUG - No se recibió mensaje dentro del período de espera.
2024-12-01 08:21:48,274 - DEBUG - No se recibió mensaje dentro del período de espera.
2024-12-01 08:21:53,284 - DEBUG - No se recibió mensaje dentro del período de espera.
2024-12-01 08:21:58,295 - DEBUG - No se recibió mensaje dentro del período de espera.
2024-12-01 08:22:03,310 - DEBUG - No se recibió mensaje dentro del período de espera.
2024-12-01 08:22:08,320 - DEBUG - No se recibió mensaje dentro del período de espera.
2024-12-01 08:22:13,331 - DEBUG - No se recibió mensaje dentro del período de espera.
2024-12-01 08:22:18,346 - DEBUG - No se recibió mensaje dentro del período de espera.
2024-12-01 08:22:23,362 - DEBUG - No se recibió mensaje dentro del período de espera.
2024-12-01 08:22:28,376 - DEBUG - No se recibió mensaje dentro del período de espera.
2024-12-01 08:22:33,386 - DEBUG - No se recibió mensaje dentro del período de espera.
2024-12-01 08:22:38,397 - DEBUG - No se recibió mensaje dentro del período de espera.
2024-12-01 08:22:43,406 - DEBUG - No se recibió mensaje dentro del período de espera.
2024-12-01 08:22:48,422 - DEBUG - No se recibió mensaje dentro del período de espera.
2024-12-01 08:22:53,437 - DEBUG - No se recibió mensaje dentro del período de espera.
2024-12-01 08:22:58,452 - DEBUG - No se recibió mensaje dentro del período de espera.
2024-12-01 08:23:03,462 - DEBUG - No se recibió mensaje dentro del período de espera.
2024-12-01 08:23:08,473 - DEBUG - No se recibió mensaje dentro del período de espera.
2024-12-01 08:23:13,483 - DEBUG - No se recibió mensaje dentro del período de espera.
2024-12-01 08:23:18,498 - DEBUG - No se recibió mensaje dentro del período de espera.
2024-12-01 08:23:23,514 - DEBUG - No se recibió mensaje dentro del período de espera.
2024-12-01 08:23:28,524 - DEBUG - No se recibió mensaje dentro del período de espera.
2024-12-01 08:23:33,535 - DEBUG - No se recibió mensaje dentro del período de espera.
2024-12-01 08:23:38,545 - DEBUG - No se recibió mensaje dentro del período de espera.
2024-12-01 08:23:43,554 - DEBUG - No se recibió mensaje dentro del período de espera.
2024-12-01 08:23:48,564 - DEBUG - No se recibió mensaje dentro del período de espera.
2024-12-01 08:23:53,575 - DEBUG - No se recibió mensaje dentro del período de espera.
2024-12-01 08:23:58,585 - DEBUG - No se recibió mensaje dentro del período de espera.
2024-12-01 08:24:03,595 - DEBUG - No se recibió mensaje dentro del período de espera.
2024-12-01 08:24:08,606 - DEBUG - No se recibió mensaje dentro del período de espera.
2024-12-01 08:24:13,621 - DEBUG - No se recibió mensaje dentro del período de espera.
2024-12-01 08:24:18,637 - DEBUG - No se recibió mensaje dentro del período de espera.
2024-12-01 08:24:23,652 - DEBUG - No se recibió mensaje dentro del período de espera.
2024-12-01 08:24:28,662 - DEBUG - No se recibió mensaje dentro del período de espera.
2024-12-01 08:24:33,673 - DEBUG - No se recibió mensaje dentro del período de espera.
2024-12-01 08:24:38,683 - DEBUG - No se recibió mensaje dentro del período de espera.
2024-12-01 08:24:43,693 - DEBUG - No se recibió mensaje dentro del período de espera.
2024-12-01 08:24:48,709 - DEBUG - No se recibió mensaje dentro del período de espera.
2024-12-01 08:24:53,724 - DEBUG - No se recibió mensaje dentro del período de espera.
2024-12-01 08:24:58,739 - DEBUG - No se recibió mensaje dentro del período de espera.
2024-12-01 08:25:03,750 - DEBUG - No se recibió mensaje dentro del período de espera.
2024-12-01 08:25:08,760 - DEBUG - No se recibió mensaje dentro del período de espera.
2024-12-01 08:25:13,770 - DEBUG - No se recibió mensaje dentro del período de espera.
2024-12-01 08:25:18,781 - DEBUG - No se recibió mensaje dentro del período de espera.
2024-12-01 08:25:23,790 - DEBUG - No se recibió mensaje dentro del período de espera.
2024-12-01 08:25:28,800 - DEBUG - No se recibió mensaje dentro del período de espera.
2024-12-01 08:25:33,810 - DEBUG - No se recibió mensaje dentro del período de espera.
2024-12-01 08:25:38,820 - DEBUG - No se recibió mensaje dentro del período de espera.
2024-12-01 08:25:43,831 - DEBUG - No se recibió mensaje dentro del período de espera.
2024-12-01 08:25:48,841 - DEBUG - No se recibió mensaje dentro del período de espera.
2024-12-01 08:25:53,851 - DEBUG - No se recibió mensaje dentro del período de espera.
2024-12-01 08:25:58,861 - DEBUG - No se recibió mensaje dentro del período de espera.
2024-12-01 08:26:03,871 - DEBUG - No se recibió mensaje dentro del período de espera.
2024-12-01 08:26:08,881 - DEBUG - No se recibió mensaje dentro del período de espera.
2024-12-01 08:26:13,891 - DEBUG - No se recibió mensaje dentro del período de espera.
2024-12-01 08:26:18,902 - DEBUG - No se recibió mensaje dentro del período de espera.
2024-12-01 08:26:23,917 - DEBUG - No se recibió mensaje dentro del período de espera.
2024-12-01 08:26:28,927 - DEBUG - No se recibió mensaje dentro del período de espera.
2024-12-01 08:26:33,943 - DEBUG - No se recibió mensaje dentro del período de espera.
2024-12-01 08:26:38,958 - DEBUG - No se recibió mensaje dentro del período de espera.
2024-12-01 08:26:43,969 - DEBUG - No se recibió mensaje dentro del período de espera.
2024-12-01 08:26:48,978 - DEBUG - No se recibió mensaje dentro del período de espera.
2024-12-01 08:26:53,988 - DEBUG - No se recibió mensaje dentro del período de espera.
2024-12-01 08:26:58,998 - DEBUG - No se recibió mensaje dentro del período de espera.
2024-12-01 08:27:04,009 - DEBUG - No se recibió mensaje dentro del período de espera.
2024-12-01 08:27:09,024 - DEBUG - No se recibió mensaje dentro del período de espera.
2024-12-01 08:27:14,034 - DEBUG - No se recibió mensaje dentro del período de espera.
2024-12-01 08:27:19,045 - DEBUG - No se recibió mensaje dentro del período de espera.
2024-12-01 08:27:24,060 - DEBUG - No se recibió mensaje dentro del período de espera.
2024-12-01 08:27:29,076 - DEBUG - No se recibió mensaje dentro del período de espera.
2024-12-01 08:27:34,091 - DEBUG - No se recibió mensaje dentro del período de espera.
2024-12-01 08:27:39,107 - DEBUG - No se recibió mensaje dentro del período de espera.
2024-12-01 08:27:44,122 - DEBUG - No se recibió mensaje dentro del período de espera.
2024-12-01 08:27:49,132 - DEBUG - No se recibió mensaje dentro del período de espera.
2024-12-01 08:27:54,146 - DEBUG - No se recibió mensaje dentro del período de espera.
2024-12-01 08:27:59,156 - DEBUG - No se recibió mensaje dentro del período de espera.
2024-12-01 08:28:04,167 - DEBUG - No se recibió mensaje dentro del período de espera.
2024-12-01 08:28:09,182 - DEBUG - No se recibió mensaje dentro del período de espera.
2024-12-01 08:28:14,198 - DEBUG - No se recibió mensaje dentro del período de espera.
2024-12-01 08:28:19,213 - DEBUG - No se recibió mensaje dentro del período de espera.
2024-12-01 08:28:24,223 - DEBUG - No se recibió mensaje dentro del período de espera.
2024-12-01 08:28:29,234 - DEBUG - No se recibió mensaje dentro del período de espera.
2024-12-01 08:28:34,244 - DEBUG - No se recibió mensaje dentro del período de espera.
2024-12-01 08:28:39,254 - DEBUG - No se recibió mensaje dentro del período de espera.
2024-12-01 08:28:44,265 - DEBUG - No se recibió mensaje dentro del período de espera.
2024-12-01 08:28:49,275 - DEBUG - No se recibió mensaje dentro del período de espera.
2024-12-01 08:28:54,290 - DEBUG - No se recibió mensaje dentro del período de espera.
2024-12-01 08:28:59,301 - DEBUG - No se recibió mensaje dentro del período de espera.
2024-12-01 08:29:04,316 - DEBUG - No se recibió mensaje dentro del período de espera.
2024-12-01 08:29:09,332 - DEBUG - No se recibió mensaje dentro del período de espera.
2024-12-01 08:29:14,346 - DEBUG - No se recibió mensaje dentro del período de espera.
2024-12-01 08:29:19,362 - DEBUG - No se recibió mensaje dentro del período de espera.
2024-12-01 08:29:24,377 - DEBUG - No se recibió mensaje dentro del período de espera.
2024-12-01 08:29:29,392 - DEBUG - No se recibió mensaje dentro del período de espera.
2024-12-01 08:29:34,408 - DEBUG - No se recibió mensaje dentro del período de espera.
2024-12-01 08:29:39,423 - DEBUG - No se recibió mensaje dentro del período de espera.
2024-12-01 08:29:44,434 - DEBUG - No se recibió mensaje dentro del período de espera.
2024-12-01 08:29:49,444 - DEBUG - No se recibió mensaje dentro del período de espera.
2024-12-01 08:29:54,460 - DEBUG - No se recibió mensaje dentro del período de espera.
2024-12-01 08:29:59,475 - DEBUG - No se recibió mensaje dentro del período de espera.
2024-12-01 08:30:04,491 - DEBUG - No se recibió mensaje dentro del período de espera.
2024-12-01 08:30:09,501 - DEBUG - No se recibió mensaje dentro del período de espera.
2024-12-01 08:30:14,511 - DEBUG - No se recibió mensaje dentro del período de espera.
2024-12-01 08:30:19,522 - DEBUG - No se recibió mensaje dentro del período de espera.
2024-12-01 08:30:24,532 - DEBUG - No se recibió mensaje dentro del período de espera.
2024-12-01 08:30:29,542 - DEBUG - No se recibió mensaje dentro del período de espera.
2024-12-01 08:30:34,558 - DEBUG - No se recibió mensaje dentro del período de espera.
2024-12-01 08:30:39,568 - DEBUG - No se recibió mensaje dentro del período de espera.
2024-12-01 08:30:44,578 - DEBUG - No se recibió mensaje dentro del período de espera.
2024-12-01 08:30:49,588 - DEBUG - No se recibió mensaje dentro del período de espera.
2024-12-01 08:30:54,604 - DEBUG - No se recibió mensaje dentro del período de espera.
2024-12-01 08:30:59,613 - DEBUG - No se recibió mensaje dentro del período de espera.
2024-12-01 08:31:04,628 - DEBUG - No se recibió mensaje dentro del período de espera.
2024-12-01 08:31:09,644 - DEBUG - No se recibió mensaje dentro del período de espera.
2024-12-01 08:31:14,659 - DEBUG - No se recibió mensaje dentro del período de espera.
2024-12-01 08:31:19,665 - DEBUG - No se recibió mensaje dentro del período de espera.
2024-12-01 08:31:24,675 - DEBUG - No se recibió mensaje dentro del período de espera.
2024-12-01 08:31:29,686 - DEBUG - No se recibió mensaje dentro del período de espera.
2024-12-01 08:31:34,701 - DEBUG - No se recibió mensaje dentro del período de espera.
2024-12-01 08:31:39,711 - DEBUG - No se recibió mensaje dentro del período de espera.
2024-12-01 08:31:44,722 - DEBUG - No se recibió mensaje dentro del período de espera.
2024-12-01 08:31:49,731 - DEBUG - No se recibió mensaje dentro del período de espera.
2024-12-01 08:31:54,747 - DEBUG - No se recibió mensaje dentro del período de espera.
2024-12-01 08:31:59,757 - DEBUG - No se recibió mensaje dentro del período de espera.
2024-12-01 08:32:04,765 - DEBUG - No se recibió mensaje dentro del período de espera.
2024-12-01 08:32:09,775 - DEBUG - No se recibió mensaje dentro del período de espera.
2024-12-01 08:32:14,791 - DEBUG - No se recibió mensaje dentro del período de espera.
2024-12-01 08:32:19,801 - DEBUG - No se recibió mensaje dentro del período de espera.
2024-12-01 08:32:24,816 - DEBUG - No se recibió mensaje dentro del período de espera.
2024-12-01 08:32:29,832 - DEBUG - No se recibió mensaje dentro del período de espera.
2024-12-01 08:32:34,847 - DEBUG - No se recibió mensaje dentro del período de espera.
2024-12-01 08:32:39,858 - DEBUG - No se recibió mensaje dentro del período de espera.
2024-12-01 08:32:44,874 - DEBUG - No se recibió mensaje dentro del período de espera.
2024-12-01 08:32:49,889 - DEBUG - No se recibió mensaje dentro del período de espera.
2024-12-01 08:32:54,904 - DEBUG - No se recibió mensaje dentro del período de espera.
2024-12-01 08:32:59,920 - DEBUG - No se recibió mensaje dentro del período de espera.
2024-12-01 08:33:04,935 - DEBUG - No se recibió mensaje dentro del período de espera.
2024-12-01 08:33:09,951 - DEBUG - No se recibió mensaje dentro del período de espera.
2024-12-01 08:33:14,966 - DEBUG - No se recibió mensaje dentro del período de espera.
2024-12-01 08:33:19,976 - DEBUG - No se recibió mensaje dentro del período de espera.
2024-12-01 08:33:24,987 - DEBUG - No se recibió mensaje dentro del período de espera.
2024-12-01 08:33:30,002 - DEBUG - No se recibió mensaje dentro del período de espera.
2024-12-01 08:33:35,018 - DEBUG - No se recibió mensaje dentro del período de espera.
2024-12-01 08:33:40,033 - DEBUG - No se recibió mensaje dentro del período de espera.
2024-12-01 08:33:45,048 - DEBUG - No se recibió mensaje dentro del período de espera.
2024-12-01 08:33:50,059 - DEBUG - No se recibió mensaje dentro del período de espera.
2024-12-01 08:33:55,074 - DEBUG - No se recibió mensaje dentro del período de espera.
2024-12-01 08:34:00,090 - DEBUG - No se recibió mensaje dentro del período de espera.
2024-12-01 08:34:05,100 - DEBUG - No se recibió mensaje dentro del período de espera.
2024-12-01 08:34:10,110 - DEBUG - No se recibió mensaje dentro del período de espera.
2024-12-01 08:34:15,120 - DEBUG - No se recibió mensaje dentro del período de espera.
2024-12-01 08:34:20,135 - DEBUG - No se recibió mensaje dentro del período de espera.
2024-12-01 08:34:25,150 - DEBUG - No se recibió mensaje dentro del período de espera.
2024-12-01 08:34:30,165 - DEBUG - No se recibió mensaje dentro del período de espera.
2024-12-01 08:34:35,176 - DEBUG - No se recibió mensaje dentro del período de espera.
2024-12-01 08:34:40,191 - DEBUG - No se recibió mensaje dentro del período de espera.
2024-12-01 08:34:45,207 - DEBUG - No se recibió mensaje dentro del período de espera.
2024-12-01 08:34:50,222 - DEBUG - No se recibió mensaje dentro del período de espera.
2024-12-01 08:34:55,232 - DEBUG - No se recibió mensaje dentro del período de espera.
2024-12-01 08:35:00,242 - DEBUG - No se recibió mensaje dentro del período de espera.
2024-12-01 08:35:05,250 - DEBUG - No se recibió mensaje dentro del período de espera.
2024-12-01 08:35:10,260 - DEBUG - No se recibió mensaje dentro del período de espera.
2024-12-01 08:35:15,271 - DEBUG - No se recibió mensaje dentro del período de espera.
2024-12-01 08:35:20,281 - DEBUG - No se recibió mensaje dentro del período de espera.
2024-12-01 08:35:25,296 - DEBUG - No se recibió mensaje dentro del período de espera.
2024-12-01 08:35:30,312 - DEBUG - No se recibió mensaje dentro del período de espera.
2024-12-01 08:35:35,322 - DEBUG - No se recibió mensaje dentro del período de espera.
2024-12-01 08:35:40,333 - DEBUG - No se recibió mensaje dentro del período de espera.
2024-12-01 08:35:45,343 - DEBUG - No se recibió mensaje dentro del período de espera.
2024-12-01 08:35:50,353 - DEBUG - No se recibió mensaje dentro del período de espera.
2024-12-01 08:35:55,364 - DEBUG - No se recibió mensaje dentro del período de espera.
2024-12-01 08:36:00,374 - DEBUG - No se recibió mensaje dentro del período de espera.
2024-12-01 08:36:05,384 - DEBUG - No se recibió mensaje dentro del período de espera.
2024-12-01 08:36:10,394 - DEBUG - No se recibió mensaje dentro del período de espera.
2024-12-01 08:36:15,404 - DEBUG - No se recibió mensaje dentro del período de espera.
2024-12-01 08:36:20,415 - DEBUG - No se recibió mensaje dentro del período de espera.
2024-12-01 08:36:25,429 - DEBUG - No se recibió mensaje dentro del período de espera.
2024-12-01 08:36:30,440 - DEBUG - No se recibió mensaje dentro del período de espera.
2024-12-01 08:36:35,455 - DEBUG - No se recibió mensaje dentro del período de espera.
2024-12-01 08:36:40,466 - DEBUG - No se recibió mensaje dentro del período de espera.
2024-12-01 08:36:45,481 - DEBUG - No se recibió mensaje dentro del período de espera.
2024-12-01 08:36:50,497 - DEBUG - No se recibió mensaje dentro del período de espera.
2024-12-01 08:36:55,511 - DEBUG - No se recibió mensaje dentro del período de espera.
2024-12-01 08:37:00,527 - DEBUG - No se recibió mensaje dentro del período de espera.
2024-12-01 08:37:05,542 - DEBUG - No se recibió mensaje dentro del período de espera.
2024-12-01 08:37:10,552 - DEBUG - No se recibió mensaje dentro del período de espera.
2024-12-01 08:37:15,563 - DEBUG - No se recibió mensaje dentro del período de espera.
2024-12-01 08:37:20,573 - DEBUG - No se recibió mensaje dentro del período de espera.
2024-12-01 08:37:25,588 - DEBUG - No se recibió mensaje dentro del período de espera.
2024-12-01 08:37:30,604 - DEBUG - No se recibió mensaje dentro del período de espera.
2024-12-01 08:37:35,618 - DEBUG - No se recibió mensaje dentro del período de espera.
2024-12-01 08:37:40,633 - DEBUG - No se recibió mensaje dentro del período de espera.
2024-12-01 08:37:45,648 - DEBUG - No se recibió mensaje dentro del período de espera.
2024-12-01 08:37:50,663 - DEBUG - No se recibió mensaje dentro del período de espera.
2024-12-01 08:37:55,673 - DEBUG - No se recibió mensaje dentro del período de espera.
2024-12-01 08:38:00,683 - DEBUG - No se recibió mensaje dentro del período de espera.
2024-12-01 08:38:05,694 - DEBUG - No se recibió mensaje dentro del período de espera.
2024-12-01 08:38:10,704 - DEBUG - No se recibió mensaje dentro del período de espera.
2024-12-01 08:38:15,714 - DEBUG - No se recibió mensaje dentro del período de espera.
2024-12-01 08:38:20,730 - DEBUG - No se recibió mensaje dentro del período de espera.
2024-12-01 08:38:25,745 - DEBUG - No se recibió mensaje dentro del período de espera.
2024-12-01 08:38:30,760 - DEBUG - No se recibió mensaje dentro del período de espera.
2024-12-01 08:38:35,776 - DEBUG - No se recibió mensaje dentro del período de espera.
2024-12-01 08:38:40,791 - DEBUG - No se recibió mensaje dentro del período de espera.
2024-12-01 08:38:45,801 - DEBUG - No se recibió mensaje dentro del período de espera.
2024-12-01 08:38:50,812 - DEBUG - No se recibió mensaje dentro del período de espera.
2024-12-01 08:38:55,827 - DEBUG - No se recibió mensaje dentro del período de espera.
2024-12-01 08:39:00,837 - DEBUG - No se recibió mensaje dentro del período de espera.
2024-12-01 08:39:05,852 - DEBUG - No se recibió mensaje dentro del período de espera.
2024-12-01 08:39:10,868 - DEBUG - No se recibió mensaje dentro del período de espera.
2024-12-01 08:39:15,883 - DEBUG - No se recibió mensaje dentro del período de espera.
2024-12-01 08:39:20,893 - DEBUG - No se recibió mensaje dentro del período de espera.
2024-12-01 08:39:25,904 - DEBUG - No se recibió mensaje dentro del período de espera.
2024-12-01 08:39:30,919 - DEBUG - No se recibió mensaje dentro del período de espera.
2024-12-01 08:39:35,935 - DEBUG - No se recibió mensaje dentro del período de espera.
2024-12-01 08:39:40,945 - DEBUG - No se recibió mensaje dentro del período de espera.
2024-12-01 08:39:45,960 - DEBUG - No se recibió mensaje dentro del período de espera.
2024-12-01 08:39:50,976 - DEBUG - No se recibió mensaje dentro del período de espera.
2024-12-01 08:39:55,986 - DEBUG - No se recibió mensaje dentro del período de espera.
2024-12-01 08:40:01,001 - DEBUG - No se recibió mensaje dentro del período de espera.
2024-12-01 08:40:06,011 - DEBUG - No se recibió mensaje dentro del período de espera.
2024-12-01 08:40:11,017 - DEBUG - No se recibió mensaje dentro del período de espera.
2024-12-01 08:40:16,027 - DEBUG - No se recibió mensaje dentro del período de espera.
2024-12-01 08:40:21,038 - DEBUG - No se recibió mensaje dentro del período de espera.
2024-12-01 08:40:26,053 - DEBUG - No se recibió mensaje dentro del período de espera.
2024-12-01 08:40:31,069 - DEBUG - No se recibió mensaje dentro del período de espera.
2024-12-01 08:40:36,078 - DEBUG - No se recibió mensaje dentro del período de espera.
2024-12-01 08:40:41,088 - DEBUG - No se recibió mensaje dentro del período de espera.
2024-12-01 08:40:46,099 - DEBUG - No se recibió mensaje dentro del período de espera.
2024-12-01 08:40:51,109 - DEBUG - No se recibió mensaje dentro del período de espera.
2024-12-01 08:40:56,119 - DEBUG - No se recibió mensaje dentro del período de espera.
2024-12-01 08:41:01,130 - DEBUG - No se recibió mensaje dentro del período de espera.
2024-12-01 08:41:06,139 - DEBUG - No se recibió mensaje dentro del período de espera.
2024-12-01 08:41:11,149 - DEBUG - No se recibió mensaje dentro del período de espera.
2024-12-01 08:41:16,164 - DEBUG - No se recibió mensaje dentro del período de espera.
2024-12-01 08:41:21,175 - DEBUG - No se recibió mensaje dentro del período de espera.
2024-12-01 08:41:26,190 - DEBUG - No se recibió mensaje dentro del período de espera.
2024-12-01 08:41:31,205 - DEBUG - No se recibió mensaje dentro del período de espera.
2024-12-01 08:41:36,220 - DEBUG - No se recibió mensaje dentro del período de espera.
2024-12-01 08:41:41,230 - DEBUG - No se recibió mensaje dentro del período de espera.
2024-12-01 08:41:46,240 - DEBUG - No se recibió mensaje dentro del período de espera.
2024-12-01 08:41:51,250 - DEBUG - No se recibió mensaje dentro del período de espera.
2024-12-01 08:41:56,260 - DEBUG - No se recibió mensaje dentro del período de espera.
2024-12-01 08:42:01,270 - DEBUG - No se recibió mensaje dentro del período de espera.
2024-12-01 08:42:06,280 - DEBUG - No se recibió mensaje dentro del período de espera.
2024-12-01 08:42:11,291 - DEBUG - No se recibió mensaje dentro del período de espera.
2024-12-01 08:42:16,306 - DEBUG - No se recibió mensaje dentro del período de espera.
2024-12-01 08:42:21,316 - DEBUG - No se recibió mensaje dentro del período de espera.
2024-12-01 08:42:26,327 - DEBUG - No se recibió mensaje dentro del período de espera.
2024-12-01 08:42:31,340 - DEBUG - No se recibió mensaje dentro del período de espera.
2024-12-01 08:42:36,350 - DEBUG - No se recibió mensaje dentro del período de espera.
2024-12-01 08:42:41,359 - DEBUG - No se recibió mensaje dentro del período de espera.
2024-12-01 08:42:46,369 - DEBUG - No se recibió mensaje dentro del período de espera.
2024-12-01 08:42:51,379 - DEBUG - No se recibió mensaje dentro del período de espera.
2024-12-01 08:42:56,389 - DEBUG - No se recibió mensaje dentro del período de espera.
2024-12-01 08:43:01,404 - DEBUG - No se recibió mensaje dentro del período de espera.
2024-12-01 08:43:06,419 - DEBUG - No se recibió mensaje dentro del período de espera.
2024-12-01 08:43:11,435 - DEBUG - No se recibió mensaje dentro del período de espera.
2024-12-01 08:43:16,444 - DEBUG - No se recibió mensaje dentro del período de espera.
2024-12-01 08:43:21,454 - DEBUG - No se recibió mensaje dentro del período de espera.
2024-12-01 08:43:26,465 - DEBUG - No se recibió mensaje dentro del período de espera.
2024-12-01 08:43:31,475 - DEBUG - No se recibió mensaje dentro del período de espera.
2024-12-01 08:43:36,485 - DEBUG - No se recibió mensaje dentro del período de espera.
2024-12-01 08:43:41,495 - DEBUG - No se recibió mensaje dentro del período de espera.
2024-12-01 08:43:46,505 - DEBUG - No se recibió mensaje dentro del período de espera.
2024-12-01 08:43:51,515 - DEBUG - No se recibió mensaje dentro del período de espera.
2024-12-01 08:43:56,525 - DEBUG - No se recibió mensaje dentro del período de espera.
2024-12-01 08:44:01,535 - DEBUG - No se recibió mensaje dentro del período de espera.
2024-12-01 08:44:06,545 - DEBUG - No se recibió mensaje dentro del período de espera.
2024-12-01 08:44:11,555 - DEBUG - No se recibió mensaje dentro del período de espera.
2024-12-01 08:44:16,565 - DEBUG - No se recibió mensaje dentro del período de espera.
2024-12-01 08:44:21,575 - DEBUG - No se recibió mensaje dentro del período de espera.
2024-12-01 08:44:26,586 - DEBUG - No se recibió mensaje dentro del período de espera.
2024-12-01 08:44:31,595 - DEBUG - No se recibió mensaje dentro del período de espera.
2024-12-01 08:44:36,605 - DEBUG - No se recibió mensaje dentro del período de espera.
2024-12-01 08:44:41,615 - DEBUG - No se recibió mensaje dentro del período de espera.
2024-12-01 08:44:46,625 - DEBUG - No se recibió mensaje dentro del período de espera.
2024-12-01 08:44:51,636 - DEBUG - No se recibió mensaje dentro del período de espera.
2024-12-01 08:44:56,646 - DEBUG - No se recibió mensaje dentro del período de espera.
2024-12-01 08:45:01,655 - DEBUG - No se recibió mensaje dentro del período de espera.
2024-12-01 08:45:06,670 - DEBUG - No se recibió mensaje dentro del período de espera.
2024-12-01 08:45:11,680 - DEBUG - No se recibió mensaje dentro del período de espera.
2024-12-01 08:45:16,690 - DEBUG - No se recibió mensaje dentro del período de espera.
2024-12-01 08:45:21,700 - DEBUG - No se recibió mensaje dentro del período de espera.
2024-12-01 08:45:26,710 - DEBUG - No se recibió mensaje dentro del período de espera.
2024-12-01 08:45:31,720 - DEBUG - No se recibió mensaje dentro del período de espera.
2024-12-01 08:45:36,730 - DEBUG - No se recibió mensaje dentro del período de espera.
2024-12-01 08:45:41,740 - DEBUG - No se recibió mensaje dentro del período de espera.
2024-12-01 08:45:46,750 - DEBUG - No se recibió mensaje dentro del período de espera.
2024-12-01 08:45:51,760 - DEBUG - No se recibió mensaje dentro del período de espera.
2024-12-01 08:45:56,775 - DEBUG - No se recibió mensaje dentro del período de espera.
2024-12-01 08:46:01,785 - DEBUG - No se recibió mensaje dentro del período de espera.
